2021-12-26 01:51:22,163 INFO org.springframework.boot.admin.SpringApplicationAdminMXBeanRegistrar$SpringApplicationAdmin [RMI TCP Connection(188)-127.0.0.1] Application shutdown requested.
2021-12-26 01:51:22,185 INFO org.springframework.orm.jpa.LocalContainerEntityManagerFactoryBean [RMI TCP Connection(188)-127.0.0.1] Closing JPA EntityManagerFactory for persistence unit 'default'
2021-12-26 01:51:22,185 INFO org.hibernate.tool.schema.internal.SchemaDropperImpl$DelayedDropActionImpl [RMI TCP Connection(188)-127.0.0.1] HHH000477: Starting delayed evictData of schema as part of SessionFactory shut-down'
2021-12-26 01:51:22,850 INFO com.zaxxer.hikari.HikariDataSource [RMI TCP Connection(188)-127.0.0.1] HikariPool-1 - Shutdown initiated...
2021-12-26 01:51:23,179 INFO com.zaxxer.hikari.HikariDataSource [RMI TCP Connection(188)-127.0.0.1] HikariPool-1 - Shutdown completed.
2021-12-26 12:00:52,130 INFO org.springframework.boot.test.context.SpringBootTestContextBootstrapper [main] Neither @ContextConfiguration nor @ContextHierarchy found for test class [com.desafio.api.DesafioApplicationTests], using SpringBootContextLoader
2021-12-26 12:00:52,156 INFO org.springframework.test.context.support.AbstractContextLoader [main] Could not detect default resource locations for test class [com.desafio.api.DesafioApplicationTests]: no resource found for suffixes {-context.xml, Context.groovy}.
2021-12-26 12:00:52,157 INFO org.springframework.test.context.support.AnnotationConfigContextLoaderUtils [main] Could not detect default configuration classes for test class [com.desafio.api.DesafioApplicationTests]: DesafioApplicationTests does not declare any static, non-private, non-final, nested classes annotated with @Configuration.
2021-12-26 12:00:52,346 INFO org.springframework.boot.test.context.SpringBootTestContextBootstrapper [main] Found @SpringBootConfiguration com.desafio.api.DesafioAplicacao for test class com.desafio.api.DesafioApplicationTests
2021-12-26 12:00:52,489 INFO org.springframework.boot.test.context.SpringBootTestContextBootstrapper [main] Loaded default TestExecutionListener class names from location [META-INF/spring.factories]: [org.springframework.boot.test.mock.mockito.MockitoTestExecutionListener, org.springframework.boot.test.mock.mockito.ResetMocksTestExecutionListener, org.springframework.boot.test.autoconfigure.restdocs.RestDocsTestExecutionListener, org.springframework.boot.test.autoconfigure.web.client.MockRestServiceServerResetTestExecutionListener, org.springframework.boot.test.autoconfigure.web.servlet.MockMvcPrintOnlyOnFailureTestExecutionListener, org.springframework.boot.test.autoconfigure.web.servlet.WebDriverTestExecutionListener, org.springframework.boot.test.autoconfigure.webservices.client.MockWebServiceServerTestExecutionListener, org.springframework.test.context.web.ServletTestExecutionListener, org.springframework.test.context.support.DirtiesContextBeforeModesTestExecutionListener, org.springframework.test.context.event.ApplicationEventsTestExecutionListener, org.springframework.test.context.support.DependencyInjectionTestExecutionListener, org.springframework.test.context.support.DirtiesContextTestExecutionListener, org.springframework.test.context.transaction.TransactionalTestExecutionListener, org.springframework.test.context.jdbc.SqlScriptsTestExecutionListener, org.springframework.test.context.event.EventPublishingTestExecutionListener]
2021-12-26 12:00:52,501 INFO org.springframework.boot.test.context.SpringBootTestContextBootstrapper [main] Using TestExecutionListeners: [org.springframework.test.context.web.ServletTestExecutionListener@37d80fe7, org.springframework.test.context.support.DirtiesContextBeforeModesTestExecutionListener@384fc774, org.springframework.test.context.event.ApplicationEventsTestExecutionListener@e3cee7b, org.springframework.boot.test.mock.mockito.MockitoTestExecutionListener@71e9a896, org.springframework.boot.test.autoconfigure.SpringBootDependencyInjectionTestExecutionListener@6b9267b, org.springframework.test.context.support.DirtiesContextTestExecutionListener@408b35bf, org.springframework.test.context.transaction.TransactionalTestExecutionListener@29ad44e3, org.springframework.test.context.jdbc.SqlScriptsTestExecutionListener@15bcf458, org.springframework.test.context.event.EventPublishingTestExecutionListener@5af9926a, org.springframework.boot.test.mock.mockito.ResetMocksTestExecutionListener@43c67247, org.springframework.boot.test.autoconfigure.restdocs.RestDocsTestExecutionListener@fac80, org.springframework.boot.test.autoconfigure.web.client.MockRestServiceServerResetTestExecutionListener@726386ed, org.springframework.boot.test.autoconfigure.web.servlet.MockMvcPrintOnlyOnFailureTestExecutionListener@649f2009, org.springframework.boot.test.autoconfigure.web.servlet.WebDriverTestExecutionListener@14bb2297, org.springframework.boot.test.autoconfigure.webservices.client.MockWebServiceServerTestExecutionListener@69adf72c]
2021-12-26 12:00:53,004 INFO com.desafio.api.DesafioApplicationTests [main] Starting DesafioApplicationTests using Java 17.0.1 on meri-Lenovo-ideapad-330S-14IKB with PID 10917 (started by meri in /home/meri/Documents/workspace-spring-tool-suite-4-4.13.0.RELEASE/desafio)
2021-12-26 12:00:53,007 INFO com.desafio.api.DesafioApplicationTests [main] No active profile set, falling back to default profiles: default
2021-12-26 12:00:54,140 INFO org.springframework.data.repository.config.RepositoryConfigurationDelegate [main] Bootstrapping Spring Data JPA repositories in DEFAULT mode.
2021-12-26 12:00:54,230 INFO org.springframework.data.repository.config.RepositoryConfigurationDelegate [main] Finished Spring Data repository scanning in 84 ms. Found 3 JPA repository interfaces.
2021-12-26 12:00:54,990 INFO org.hibernate.jpa.internal.util.LogHelper [main] HHH000204: Processing PersistenceUnitInfo [name: default]
2021-12-26 12:00:55,045 INFO org.hibernate.Version [main] HHH000412: Hibernate ORM core version 5.4.32.Final
2021-12-26 12:00:55,654 INFO org.hibernate.annotations.common.Version [main] HCANN000001: Hibernate Commons Annotations {5.1.2.Final}
2021-12-26 12:00:55,889 INFO com.zaxxer.hikari.HikariDataSource [main] HikariPool-1 - Starting...
2021-12-26 12:00:56,266 INFO com.zaxxer.hikari.HikariDataSource [main] HikariPool-1 - Start completed.
2021-12-26 12:00:56,304 INFO org.hibernate.dialect.Dialect [main] HHH000400: Using dialect: org.hibernate.dialect.H2Dialect
2021-12-26 12:00:57,789 INFO org.hibernate.engine.transaction.jta.platform.internal.JtaPlatformInitiator [main] HHH000490: Using JtaPlatform implementation: [org.hibernate.engine.transaction.jta.platform.internal.NoJtaPlatform]
2021-12-26 12:00:57,794 INFO org.springframework.orm.jpa.LocalContainerEntityManagerFactoryBean [main] Initialized JPA EntityManagerFactory for persistence unit 'default'
2021-12-26 12:00:58,811 WARN org.springframework.boot.autoconfigure.orm.jpa.JpaBaseConfiguration$JpaWebConfiguration [main] spring.jpa.open-in-view is enabled by default. Therefore, database queries may be performed during view rendering. Explicitly configure spring.jpa.open-in-view to disable this warning
2021-12-26 12:00:58,946 INFO org.springframework.boot.autoconfigure.h2.H2ConsoleAutoConfiguration [main] H2 console available at '/h2'. Database available at 'jdbc:h2:file:~/desafio'
2021-12-26 12:00:59,964 WARN org.springframework.boot.autoconfigure.thymeleaf.ThymeleafAutoConfiguration$DefaultTemplateResolverConfiguration [main] Cannot find template location: classpath:/templates/ (please add some templates or check your Thymeleaf configuration)
2021-12-26 12:01:00,461 INFO com.desafio.api.DesafioApplicationTests [main] Started DesafioApplicationTests in 7.919 seconds (JVM running for 9.583)
2021-12-26 12:01:00,913 INFO org.springframework.orm.jpa.LocalContainerEntityManagerFactoryBean [SpringApplicationShutdownHook] Closing JPA EntityManagerFactory for persistence unit 'default'
2021-12-26 12:01:00,914 INFO org.hibernate.tool.schema.internal.SchemaDropperImpl$DelayedDropActionImpl [SpringApplicationShutdownHook] HHH000477: Starting delayed evictData of schema as part of SessionFactory shut-down'
2021-12-26 12:01:01,693 INFO com.zaxxer.hikari.HikariDataSource [SpringApplicationShutdownHook] HikariPool-1 - Shutdown initiated...
2021-12-26 12:01:02,083 INFO com.zaxxer.hikari.HikariDataSource [SpringApplicationShutdownHook] HikariPool-1 - Shutdown completed.
2021-12-26 12:23:41,877 INFO org.springframework.boot.test.context.SpringBootTestContextBootstrapper [main] Neither @ContextConfiguration nor @ContextHierarchy found for test class [com.desafio.api.DesafioApplicationTests], using SpringBootContextLoader
2021-12-26 12:23:41,883 INFO org.springframework.test.context.support.AbstractContextLoader [main] Could not detect default resource locations for test class [com.desafio.api.DesafioApplicationTests]: no resource found for suffixes {-context.xml, Context.groovy}.
2021-12-26 12:23:41,883 INFO org.springframework.test.context.support.AnnotationConfigContextLoaderUtils [main] Could not detect default configuration classes for test class [com.desafio.api.DesafioApplicationTests]: DesafioApplicationTests does not declare any static, non-private, non-final, nested classes annotated with @Configuration.
2021-12-26 12:23:41,969 INFO org.springframework.boot.test.context.SpringBootTestContextBootstrapper [main] Found @SpringBootConfiguration com.desafio.api.DesafioAplicacao for test class com.desafio.api.DesafioApplicationTests
2021-12-26 12:23:42,064 INFO org.springframework.boot.test.context.SpringBootTestContextBootstrapper [main] Loaded default TestExecutionListener class names from location [META-INF/spring.factories]: [org.springframework.boot.test.mock.mockito.MockitoTestExecutionListener, org.springframework.boot.test.mock.mockito.ResetMocksTestExecutionListener, org.springframework.boot.test.autoconfigure.restdocs.RestDocsTestExecutionListener, org.springframework.boot.test.autoconfigure.web.client.MockRestServiceServerResetTestExecutionListener, org.springframework.boot.test.autoconfigure.web.servlet.MockMvcPrintOnlyOnFailureTestExecutionListener, org.springframework.boot.test.autoconfigure.web.servlet.WebDriverTestExecutionListener, org.springframework.boot.test.autoconfigure.webservices.client.MockWebServiceServerTestExecutionListener, org.springframework.test.context.web.ServletTestExecutionListener, org.springframework.test.context.support.DirtiesContextBeforeModesTestExecutionListener, org.springframework.test.context.event.ApplicationEventsTestExecutionListener, org.springframework.test.context.support.DependencyInjectionTestExecutionListener, org.springframework.test.context.support.DirtiesContextTestExecutionListener, org.springframework.test.context.transaction.TransactionalTestExecutionListener, org.springframework.test.context.jdbc.SqlScriptsTestExecutionListener, org.springframework.test.context.event.EventPublishingTestExecutionListener]
2021-12-26 12:23:42,083 INFO org.springframework.boot.test.context.SpringBootTestContextBootstrapper [main] Using TestExecutionListeners: [org.springframework.test.context.web.ServletTestExecutionListener@cf65451, org.springframework.test.context.support.DirtiesContextBeforeModesTestExecutionListener@724f138e, org.springframework.test.context.event.ApplicationEventsTestExecutionListener@37eeec90, org.springframework.boot.test.mock.mockito.MockitoTestExecutionListener@32fe9d0a, org.springframework.boot.test.autoconfigure.SpringBootDependencyInjectionTestExecutionListener@c9413d8, org.springframework.test.context.support.DirtiesContextTestExecutionListener@64da2a7, org.springframework.test.context.transaction.TransactionalTestExecutionListener@46074492, org.springframework.test.context.jdbc.SqlScriptsTestExecutionListener@d78795, org.springframework.test.context.event.EventPublishingTestExecutionListener@2c715e84, org.springframework.boot.test.mock.mockito.ResetMocksTestExecutionListener@47428937, org.springframework.boot.test.autoconfigure.restdocs.RestDocsTestExecutionListener@3b9d6699, org.springframework.boot.test.autoconfigure.web.client.MockRestServiceServerResetTestExecutionListener@7caa550, org.springframework.boot.test.autoconfigure.web.servlet.MockMvcPrintOnlyOnFailureTestExecutionListener@21694e53, org.springframework.boot.test.autoconfigure.web.servlet.WebDriverTestExecutionListener@72b16078, org.springframework.boot.test.autoconfigure.webservices.client.MockWebServiceServerTestExecutionListener@22c86919]
2021-12-26 12:23:42,386 INFO com.desafio.api.DesafioApplicationTests [main] Starting DesafioApplicationTests using Java 17.0.1 on meri-Lenovo-ideapad-330S-14IKB with PID 11435 (started by meri in /home/meri/Documents/workspace-spring-tool-suite-4-4.13.0.RELEASE/desafio)
2021-12-26 12:23:42,388 INFO com.desafio.api.DesafioApplicationTests [main] No active profile set, falling back to default profiles: default
2021-12-26 12:23:43,062 INFO org.springframework.data.repository.config.RepositoryConfigurationDelegate [main] Bootstrapping Spring Data JPA repositories in DEFAULT mode.
2021-12-26 12:23:43,116 INFO org.springframework.data.repository.config.RepositoryConfigurationDelegate [main] Finished Spring Data repository scanning in 48 ms. Found 3 JPA repository interfaces.
2021-12-26 12:23:43,703 INFO org.hibernate.jpa.internal.util.LogHelper [main] HHH000204: Processing PersistenceUnitInfo [name: default]
2021-12-26 12:23:43,755 INFO org.hibernate.Version [main] HHH000412: Hibernate ORM core version 5.4.32.Final
2021-12-26 12:23:43,854 INFO org.hibernate.annotations.common.Version [main] HCANN000001: Hibernate Commons Annotations {5.1.2.Final}
2021-12-26 12:23:43,930 INFO com.zaxxer.hikari.HikariDataSource [main] HikariPool-1 - Starting...
2021-12-26 12:23:44,087 INFO com.zaxxer.hikari.HikariDataSource [main] HikariPool-1 - Start completed.
2021-12-26 12:23:44,108 INFO org.hibernate.dialect.Dialect [main] HHH000400: Using dialect: org.hibernate.dialect.H2Dialect
2021-12-26 12:23:44,535 INFO org.hibernate.engine.transaction.jta.platform.internal.JtaPlatformInitiator [main] HHH000490: Using JtaPlatform implementation: [org.hibernate.engine.transaction.jta.platform.internal.NoJtaPlatform]
2021-12-26 12:23:44,540 INFO org.springframework.orm.jpa.LocalContainerEntityManagerFactoryBean [main] Initialized JPA EntityManagerFactory for persistence unit 'default'
2021-12-26 12:23:45,299 WARN org.springframework.boot.autoconfigure.orm.jpa.JpaBaseConfiguration$JpaWebConfiguration [main] spring.jpa.open-in-view is enabled by default. Therefore, database queries may be performed during view rendering. Explicitly configure spring.jpa.open-in-view to disable this warning
2021-12-26 12:23:45,380 INFO org.springframework.boot.autoconfigure.h2.H2ConsoleAutoConfiguration [main] H2 console available at '/h2'. Database available at 'jdbc:h2:file:~/desafio'
2021-12-26 12:23:45,944 WARN org.springframework.boot.autoconfigure.thymeleaf.ThymeleafAutoConfiguration$DefaultTemplateResolverConfiguration [main] Cannot find template location: classpath:/templates/ (please add some templates or check your Thymeleaf configuration)
2021-12-26 12:23:46,385 INFO com.desafio.api.DesafioApplicationTests [main] Started DesafioApplicationTests in 4.269 seconds (JVM running for 5.267)
2021-12-26 12:23:46,565 INFO org.springframework.orm.jpa.LocalContainerEntityManagerFactoryBean [SpringApplicationShutdownHook] Closing JPA EntityManagerFactory for persistence unit 'default'
2021-12-26 12:23:46,566 INFO org.hibernate.tool.schema.internal.SchemaDropperImpl$DelayedDropActionImpl [SpringApplicationShutdownHook] HHH000477: Starting delayed evictData of schema as part of SessionFactory shut-down'
2021-12-26 12:23:47,787 INFO com.zaxxer.hikari.HikariDataSource [SpringApplicationShutdownHook] HikariPool-1 - Shutdown initiated...
2021-12-26 12:23:48,079 INFO com.zaxxer.hikari.HikariDataSource [SpringApplicationShutdownHook] HikariPool-1 - Shutdown completed.
2021-12-26 12:25:12,066 INFO org.springframework.boot.test.context.SpringBootTestContextBootstrapper [main] Neither @ContextConfiguration nor @ContextHierarchy found for test class [com.desafio.api.DesafioApplicationTests], using SpringBootContextLoader
2021-12-26 12:25:12,070 INFO org.springframework.test.context.support.AbstractContextLoader [main] Could not detect default resource locations for test class [com.desafio.api.DesafioApplicationTests]: no resource found for suffixes {-context.xml, Context.groovy}.
2021-12-26 12:25:12,070 INFO org.springframework.test.context.support.AnnotationConfigContextLoaderUtils [main] Could not detect default configuration classes for test class [com.desafio.api.DesafioApplicationTests]: DesafioApplicationTests does not declare any static, non-private, non-final, nested classes annotated with @Configuration.
2021-12-26 12:25:12,135 INFO org.springframework.boot.test.context.SpringBootTestContextBootstrapper [main] Found @SpringBootConfiguration com.desafio.api.DesafioAplicacao for test class com.desafio.api.DesafioApplicationTests
2021-12-26 12:25:12,205 INFO org.springframework.boot.test.context.SpringBootTestContextBootstrapper [main] Loaded default TestExecutionListener class names from location [META-INF/spring.factories]: [org.springframework.boot.test.mock.mockito.MockitoTestExecutionListener, org.springframework.boot.test.mock.mockito.ResetMocksTestExecutionListener, org.springframework.boot.test.autoconfigure.restdocs.RestDocsTestExecutionListener, org.springframework.boot.test.autoconfigure.web.client.MockRestServiceServerResetTestExecutionListener, org.springframework.boot.test.autoconfigure.web.servlet.MockMvcPrintOnlyOnFailureTestExecutionListener, org.springframework.boot.test.autoconfigure.web.servlet.WebDriverTestExecutionListener, org.springframework.boot.test.autoconfigure.webservices.client.MockWebServiceServerTestExecutionListener, org.springframework.test.context.web.ServletTestExecutionListener, org.springframework.test.context.support.DirtiesContextBeforeModesTestExecutionListener, org.springframework.test.context.event.ApplicationEventsTestExecutionListener, org.springframework.test.context.support.DependencyInjectionTestExecutionListener, org.springframework.test.context.support.DirtiesContextTestExecutionListener, org.springframework.test.context.transaction.TransactionalTestExecutionListener, org.springframework.test.context.jdbc.SqlScriptsTestExecutionListener, org.springframework.test.context.event.EventPublishingTestExecutionListener]
2021-12-26 12:25:12,225 INFO org.springframework.boot.test.context.SpringBootTestContextBootstrapper [main] Using TestExecutionListeners: [org.springframework.test.context.web.ServletTestExecutionListener@cf65451, org.springframework.test.context.support.DirtiesContextBeforeModesTestExecutionListener@724f138e, org.springframework.test.context.event.ApplicationEventsTestExecutionListener@37eeec90, org.springframework.boot.test.mock.mockito.MockitoTestExecutionListener@32fe9d0a, org.springframework.boot.test.autoconfigure.SpringBootDependencyInjectionTestExecutionListener@c9413d8, org.springframework.test.context.support.DirtiesContextTestExecutionListener@64da2a7, org.springframework.test.context.transaction.TransactionalTestExecutionListener@46074492, org.springframework.test.context.jdbc.SqlScriptsTestExecutionListener@d78795, org.springframework.test.context.event.EventPublishingTestExecutionListener@2c715e84, org.springframework.boot.test.mock.mockito.ResetMocksTestExecutionListener@47428937, org.springframework.boot.test.autoconfigure.restdocs.RestDocsTestExecutionListener@3b9d6699, org.springframework.boot.test.autoconfigure.web.client.MockRestServiceServerResetTestExecutionListener@7caa550, org.springframework.boot.test.autoconfigure.web.servlet.MockMvcPrintOnlyOnFailureTestExecutionListener@21694e53, org.springframework.boot.test.autoconfigure.web.servlet.WebDriverTestExecutionListener@72b16078, org.springframework.boot.test.autoconfigure.webservices.client.MockWebServiceServerTestExecutionListener@22c86919]
2021-12-26 12:25:12,507 INFO com.desafio.api.DesafioApplicationTests [main] Starting DesafioApplicationTests using Java 17.0.1 on meri-Lenovo-ideapad-330S-14IKB with PID 11589 (started by meri in /home/meri/Documents/workspace-spring-tool-suite-4-4.13.0.RELEASE/desafio)
2021-12-26 12:25:12,508 INFO com.desafio.api.DesafioApplicationTests [main] No active profile set, falling back to default profiles: default
2021-12-26 12:25:13,185 INFO org.springframework.data.repository.config.RepositoryConfigurationDelegate [main] Bootstrapping Spring Data JPA repositories in DEFAULT mode.
2021-12-26 12:25:13,238 INFO org.springframework.data.repository.config.RepositoryConfigurationDelegate [main] Finished Spring Data repository scanning in 46 ms. Found 3 JPA repository interfaces.
2021-12-26 12:25:13,886 INFO org.hibernate.jpa.internal.util.LogHelper [main] HHH000204: Processing PersistenceUnitInfo [name: default]
2021-12-26 12:25:13,922 INFO org.hibernate.Version [main] HHH000412: Hibernate ORM core version 5.4.32.Final
2021-12-26 12:25:14,008 INFO org.hibernate.annotations.common.Version [main] HCANN000001: Hibernate Commons Annotations {5.1.2.Final}
2021-12-26 12:25:14,074 INFO com.zaxxer.hikari.HikariDataSource [main] HikariPool-1 - Starting...
2021-12-26 12:25:14,253 INFO com.zaxxer.hikari.HikariDataSource [main] HikariPool-1 - Start completed.
2021-12-26 12:25:14,273 INFO org.hibernate.dialect.Dialect [main] HHH000400: Using dialect: org.hibernate.dialect.H2Dialect
2021-12-26 12:25:14,680 INFO org.hibernate.engine.transaction.jta.platform.internal.JtaPlatformInitiator [main] HHH000490: Using JtaPlatform implementation: [org.hibernate.engine.transaction.jta.platform.internal.NoJtaPlatform]
2021-12-26 12:25:14,685 INFO org.springframework.orm.jpa.LocalContainerEntityManagerFactoryBean [main] Initialized JPA EntityManagerFactory for persistence unit 'default'
2021-12-26 12:25:15,349 WARN org.springframework.boot.autoconfigure.orm.jpa.JpaBaseConfiguration$JpaWebConfiguration [main] spring.jpa.open-in-view is enabled by default. Therefore, database queries may be performed during view rendering. Explicitly configure spring.jpa.open-in-view to disable this warning
2021-12-26 12:25:15,423 INFO org.springframework.boot.autoconfigure.h2.H2ConsoleAutoConfiguration [main] H2 console available at '/h2'. Database available at 'jdbc:h2:file:~/desafio'
2021-12-26 12:25:15,961 WARN org.springframework.boot.autoconfigure.thymeleaf.ThymeleafAutoConfiguration$DefaultTemplateResolverConfiguration [main] Cannot find template location: classpath:/templates/ (please add some templates or check your Thymeleaf configuration)
2021-12-26 12:25:16,383 INFO com.desafio.api.DesafioApplicationTests [main] Started DesafioApplicationTests in 4.116 seconds (JVM running for 5.092)
2021-12-26 12:25:16,564 INFO org.springframework.orm.jpa.LocalContainerEntityManagerFactoryBean [SpringApplicationShutdownHook] Closing JPA EntityManagerFactory for persistence unit 'default'
2021-12-26 12:25:16,564 INFO org.hibernate.tool.schema.internal.SchemaDropperImpl$DelayedDropActionImpl [SpringApplicationShutdownHook] HHH000477: Starting delayed evictData of schema as part of SessionFactory shut-down'
2021-12-26 12:25:17,239 INFO com.zaxxer.hikari.HikariDataSource [SpringApplicationShutdownHook] HikariPool-1 - Shutdown initiated...
2021-12-26 12:25:17,730 INFO com.zaxxer.hikari.HikariDataSource [SpringApplicationShutdownHook] HikariPool-1 - Shutdown completed.
